<?xml version="1.0" encoding="UTF-8"?>
<!-- Generated by org.testng.reporters.JUnitXMLReporter -->
<testsuite ignored="0" hostname="DESKTOP-M4KQKAD" failures="0" tests="4" name="test" time="6.094" errors="0" timestamp="2022-12-09T23:17:38 IST">
  <testcase classname="test.Basetest" name="f" time="0.014"/>
  <testcase classname="test.Testclass1" name="method1" time="2.006"/>
  <testcase classname="test.Testclass1" name="method2" time="2.012"/>
  <testcase classname="test.Testclass1" name="method3" time="2.002"/>
</testsuite> <!-- test -->
