<?xml version="1.0" encoding="UTF-8"?>
<!-- Generated by org.testng.reporters.JUnitXMLReporter -->
<testsuite ignored="0" hostname="DESKTOP-M4KQKAD" failures="0" tests="4" name="test2" time="6.107" errors="0" timestamp="2022-12-09T23:17:38 IST">
  <testcase classname="test.Basetest" name="f" time="0.013"/>
  <testcase classname="test.Testclass2" name="Method1" time="2.008"/>
  <testcase classname="test.Testclass2" name="method2" time="2.011"/>
  <testcase classname="test.Testclass2" name="method3" time="2.018"/>
</testsuite> <!-- test2 -->
