<?xml version="1.0" encoding="UTF-8"?>
<!-- Generated by org.testng.reporters.JUnitXMLReporter -->
<testsuite ignored="0" hostname="DESKTOP-M4KQKAD" failures="0" tests="4" name="test3" time="6.108" errors="0" timestamp="2022-12-09T23:17:38 IST">
  <testcase classname="test.Basetest" name="f" time="0.013"/>
  <testcase classname="test.Testclass3" name="method1" time="2.007"/>
  <testcase classname="test.Testclass3" name="method2" time="2.013"/>
  <testcase classname="test.Testclass3" name="method3" time="2.016"/>
</testsuite> <!-- test3 -->
